app/build/intermediates/manifest_merge_blame_file/release/processReleaseMainManifest/manifest-merger-blame-release-report.txt
1<?xml version="1.0" encoding="utf-8"?>
2<manifest xmlns:android="http://schemas.android.com/apk/res/android"
3    package="com.mobileide.app"
4    android:versionCode="1"
5    android:versionName="1.0" >
6
7    <uses-sdk
8        android:minSdkVersion="26"
9        android:targetSdkVersion="35" />
10
11    <!-- ── Storage ─────────────────────────────────────────────────────────── -->
12    <uses-permission android:name="android.permission.READ_EXTERNAL_STORAGE" />
12-->src/main/AndroidManifest.xml:6:5-80
12-->src/main/AndroidManifest.xml:6:22-77
13    <uses-permission android:name="android.permission.WRITE_EXTERNAL_STORAGE" />
13-->src/main/AndroidManifest.xml:7:5-81
13-->src/main/AndroidManifest.xml:7:22-78
14    <uses-permission android:name="android.permission.MANAGE_EXTERNAL_STORAGE" />
14-->src/main/AndroidManifest.xml:8:5-10:40
14-->src/main/AndroidManifest.xml:9:9-66
15
16    <!-- ── Network ──────────────────────────────────────────────────────────── -->
17    <uses-permission android:name="android.permission.INTERNET" />
17-->src/main/AndroidManifest.xml:13:5-67
17-->src/main/AndroidManifest.xml:13:22-64
18
19    <!-- ── Notifications ────────────────────────────────────────────────────── -->
20    <uses-permission android:name="android.permission.POST_NOTIFICATIONS" />
20-->src/main/AndroidManifest.xml:16:5-77
20-->src/main/AndroidManifest.xml:16:22-74
21
22    <!-- ── Foreground services ──────────────────────────────────────────────── -->
23    <uses-permission android:name="android.permission.FOREGROUND_SERVICE" />
23-->src/main/AndroidManifest.xml:19:5-77
23-->src/main/AndroidManifest.xml:19:22-74
24    <uses-permission android:name="android.permission.FOREGROUND_SERVICE_SPECIAL_USE" />
24-->src/main/AndroidManifest.xml:20:5-89
24-->src/main/AndroidManifest.xml:20:22-86
25
26    <!-- ── Device ───────────────────────────────────────────────────────────── -->
27    <uses-permission android:name="android.permission.WAKE_LOCK" />
27-->src/main/AndroidManifest.xml:23:5-68
27-->src/main/AndroidManifest.xml:23:22-65
28    <uses-permission android:name="android.permission.VIBRATE" />
28-->src/main/AndroidManifest.xml:24:5-66
28-->src/main/AndroidManifest.xml:24:22-63
29    <uses-permission android:name="android.permission.REQUEST_IGNORE_BATTERY_OPTIMIZATIONS" />
29-->src/main/AndroidManifest.xml:25:5-95
29-->src/main/AndroidManifest.xml:25:22-92
30
31    <!-- ── APK install ──────────────────────────────────────────────────────── -->
32    <uses-permission android:name="android.permission.REQUEST_INSTALL_PACKAGES" />
32-->src/main/AndroidManifest.xml:28:5-83
32-->src/main/AndroidManifest.xml:28:22-80
33
34    <!-- ── Usage stats (build analysis) ────────────────────────────────────── -->
35    <uses-permission android:name="android.permission.PACKAGE_USAGE_STATS" />
35-->src/main/AndroidManifest.xml:31:5-33:47
35-->src/main/AndroidManifest.xml:32:9-62
36
37    <!-- ── Termux integration ───────────────────────────────────────────────── -->
38    <uses-permission android:name="com.termux.permission.RUN_COMMAND" />
38-->src/main/AndroidManifest.xml:36:5-73
38-->src/main/AndroidManifest.xml:36:22-70
39
40    <!-- Allow querying Termux + package installer -->
41    <queries>
41-->src/main/AndroidManifest.xml:39:5-44:15
42        <package android:name="com.termux" />
42-->src/main/AndroidManifest.xml:40:9-46
42-->src/main/AndroidManifest.xml:40:18-43
43
44        <intent>
44-->src/main/AndroidManifest.xml:41:9-43:18
45            <action android:name="android.intent.action.INSTALL_PACKAGE" />
45-->src/main/AndroidManifest.xml:42:13-76
45-->src/main/AndroidManifest.xml:42:21-73
46        </intent>
47    </queries>
48
49    <permission
49-->[androidx.core:core:1.16.0] AndroidManifest.xml:22:5-24:47
50        android:name="com.mobileide.app.DYNAMIC_RECEIVER_NOT_EXPORTED_PERMISSION"
50-->[androidx.core:core:1.16.0] AndroidManifest.xml:23:9-81
51        android:protectionLevel="signature" />
51-->[androidx.core:core:1.16.0] AndroidManifest.xml:24:9-44
52
53    <uses-permission android:name="com.mobileide.app.DYNAMIC_RECEIVER_NOT_EXPORTED_PERMISSION" />
53-->[androidx.core:core:1.16.0] AndroidManifest.xml:26:5-97
53-->[androidx.core:core:1.16.0] AndroidManifest.xml:26:22-94
54
55    <application
55-->src/main/AndroidManifest.xml:46:5-82:19
56        android:allowBackup="true"
56-->src/main/AndroidManifest.xml:47:9-35
57        android:appComponentFactory="androidx.core.app.CoreComponentFactory"
57-->[androidx.core:core:1.16.0] AndroidManifest.xml:28:18-86
58        android:dataExtractionRules="@xml/data_extraction_rules"
58-->src/main/AndroidManifest.xml:55:9-65
59        android:enableOnBackInvokedCallback="true"
59-->src/main/AndroidManifest.xml:58:9-51
60        android:extractNativeLibs="false"
61        android:fullBackupContent="@xml/backup_rules"
61-->src/main/AndroidManifest.xml:56:9-54
62        android:icon="@mipmap/ic_launcher"
62-->src/main/AndroidManifest.xml:48:9-43
63        android:label="@string/app_name"
63-->src/main/AndroidManifest.xml:50:9-41
64        android:largeHeap="true"
64-->src/main/AndroidManifest.xml:53:9-33
65        android:networkSecurityConfig="@xml/network_security_config"
65-->src/main/AndroidManifest.xml:54:9-69
66        android:requestLegacyExternalStorage="true"
66-->src/main/AndroidManifest.xml:57:9-52
67        android:roundIcon="@mipmap/ic_launcher_round"
67-->src/main/AndroidManifest.xml:49:9-54
68        android:supportsRtl="true"
68-->src/main/AndroidManifest.xml:51:9-35
69        android:theme="@style/Theme.MobileIDE.Splash" >
69-->src/main/AndroidManifest.xml:52:9-54
70        <activity
70-->src/main/AndroidManifest.xml:60:9-70:20
71            android:name="com.mobileide.app.MainActivity"
71-->src/main/AndroidManifest.xml:61:13-41
72            android:configChanges="orientation|keyboardHidden|screenSize"
72-->src/main/AndroidManifest.xml:65:13-74
73            android:exported="true"
73-->src/main/AndroidManifest.xml:62:13-36
74            android:screenOrientation="fullSensor"
74-->src/main/AndroidManifest.xml:64:13-51
75            android:windowSoftInputMode="adjustResize" >
75-->src/main/AndroidManifest.xml:63:13-55
76            <intent-filter>
76-->src/main/AndroidManifest.xml:66:13-69:29
77                <action android:name="android.intent.action.MAIN" />
77-->src/main/AndroidManifest.xml:67:17-69
77-->src/main/AndroidManifest.xml:67:25-66
78
79                <category android:name="android.intent.category.LAUNCHER" />
79-->src/main/AndroidManifest.xml:68:17-77
79-->src/main/AndroidManifest.xml:68:27-74
80            </intent-filter>
81        </activity>
82
83        <provider
84            android:name="androidx.core.content.FileProvider"
84-->src/main/AndroidManifest.xml:73:13-62
85            android:authorities="com.mobileide.app.fileprovider"
85-->src/main/AndroidManifest.xml:74:13-64
86            android:exported="false"
86-->src/main/AndroidManifest.xml:75:13-37
87            android:grantUriPermissions="true" >
87-->src/main/AndroidManifest.xml:76:13-47
88            <meta-data
88-->src/main/AndroidManifest.xml:77:13-79:54
89                android:name="android.support.FILE_PROVIDER_PATHS"
89-->src/main/AndroidManifest.xml:78:17-67
90                android:resource="@xml/file_paths" />
90-->src/main/AndroidManifest.xml:79:17-51
91        </provider>
92        <provider
92-->[androidx.emoji2:emoji2:1.4.0] AndroidManifest.xml:24:9-32:20
93            android:name="androidx.startup.InitializationProvider"
93-->[androidx.emoji2:emoji2:1.4.0] AndroidManifest.xml:25:13-67
94            android:authorities="com.mobileide.app.androidx-startup"
94-->[androidx.emoji2:emoji2:1.4.0] AndroidManifest.xml:26:13-68
95            android:exported="false" >
95-->[androidx.emoji2:emoji2:1.4.0] AndroidManifest.xml:27:13-37
96            <meta-data
96-->[androidx.emoji2:emoji2:1.4.0] AndroidManifest.xml:29:13-31:52
97                android:name="androidx.emoji2.text.EmojiCompatInitializer"
97-->[androidx.emoji2:emoji2:1.4.0] AndroidManifest.xml:30:17-75
98                android:value="androidx.startup" />
98-->[androidx.emoji2:emoji2:1.4.0] AndroidManifest.xml:31:17-49
99            <meta-data
99-->[androidx.lifecycle:lifecycle-process:2.9.1] AndroidManifest.xml:29:13-31:52
100                android:name="androidx.lifecycle.ProcessLifecycleInitializer"
100-->[androidx.lifecycle:lifecycle-process:2.9.1] AndroidManifest.xml:30:17-78
101                android:value="androidx.startup" />
101-->[androidx.lifecycle:lifecycle-process:2.9.1] AndroidManifest.xml:31:17-49
102            <meta-data
102-->[androidx.profileinstaller:profileinstaller:1.4.0] AndroidManifest.xml:29:13-31:52
103                android:name="androidx.profileinstaller.ProfileInstallerInitializer"
103-->[androidx.profileinstaller:profileinstaller:1.4.0] AndroidManifest.xml:30:17-85
104                android:value="androidx.startup" />
104-->[androidx.profileinstaller:profileinstaller:1.4.0] AndroidManifest.xml:31:17-49
105        </provider>
106
107        <receiver
107-->[androidx.profileinstaller:profileinstaller:1.4.0] AndroidManifest.xml:34:9-52:20
108            android:name="androidx.profileinstaller.ProfileInstallReceiver"
108-->[androidx.profileinstaller:profileinstaller:1.4.0] AndroidManifest.xml:35:13-76
109            android:directBootAware="false"
109-->[androidx.profileinstaller:profileinstaller:1.4.0] AndroidManifest.xml:36:13-44
110            android:enabled="true"
110-->[androidx.profileinstaller:profileinstaller:1.4.0] AndroidManifest.xml:37:13-35
111            android:exported="true"
111-->[androidx.profileinstaller:profileinstaller:1.4.0] AndroidManifest.xml:38:13-36
112            android:permission="android.permission.DUMP" >
112-->[androidx.profileinstaller:profileinstaller:1.4.0] AndroidManifest.xml:39:13-57
113            <intent-filter>
113-->[androidx.profileinstaller:profileinstaller:1.4.0] AndroidManifest.xml:40:13-42:29
114                <action android:name="androidx.profileinstaller.action.INSTALL_PROFILE" />
114-->[androidx.profileinstaller:profileinstaller:1.4.0] AndroidManifest.xml:41:17-91
114-->[androidx.profileinstaller:profileinstaller:1.4.0] AndroidManifest.xml:41:25-88
115            </intent-filter>
116            <intent-filter>
116-->[androidx.profileinstaller:profileinstaller:1.4.0] AndroidManifest.xml:43:13-45:29
117                <action android:name="androidx.profileinstaller.action.SKIP_FILE" />
117-->[androidx.profileinstaller:profileinstaller:1.4.0] AndroidManifest.xml:44:17-85
117-->[androidx.profileinstaller:profileinstaller:1.4.0] AndroidManifest.xml:44:25-82
118            </intent-filter>
119            <intent-filter>
119-->[androidx.profileinstaller:profileinstaller:1.4.0] AndroidManifest.xml:46:13-48:29
120                <action android:name="androidx.profileinstaller.action.SAVE_PROFILE" />
120-->[androidx.profileinstaller:profileinstaller:1.4.0] AndroidManifest.xml:47:17-88
120-->[androidx.profileinstaller:profileinstaller:1.4.0] AndroidManifest.xml:47:25-85
121            </intent-filter>
122            <intent-filter>
122-->[androidx.profileinstaller:profileinstaller:1.4.0] AndroidManifest.xml:49:13-51:29
123                <action android:name="androidx.profileinstaller.action.BENCHMARK_OPERATION" />
123-->[androidx.profileinstaller:profileinstaller:1.4.0] AndroidManifest.xml:50:17-95
123-->[androidx.profileinstaller:profileinstaller:1.4.0] AndroidManifest.xml:50:25-92
124            </intent-filter>
125        </receiver>
126    </application>
127
128</manifest>